2017-08-22 10:28:10 [main:0]-[INFO] com.huawei.smn.model.request.topic.CreateTopicRequestTest.testGetRequestUrl(CreateTopicRequestTest.java:35) starting test
2017-08-22 10:28:10 [main:32]-[ERROR] com.huawei.smn.model.request.topic.CreateTopicRequest.getRequestUri(CreateTopicRequest.java:71) Create topic request projectId is null.
2017-08-22 10:33:47 [main:0]-[INFO] com.huawei.smn.model.request.topic.CreateTopicRequestTest.testGetRequestUrl(CreateTopicRequestTest.java:36) starting test
2017-08-22 10:33:47 [main:31]-[ERROR] com.huawei.smn.model.request.topic.CreateTopicRequest.getRequestUri(CreateTopicRequest.java:71) Create topic request projectId is null.
2017-08-22 10:35:19 [main:0]-[INFO] com.huawei.smn.model.request.topic.CreateTopicRequestTest.testGetRequestUri(CreateTopicRequestTest.java:36) starting test
2017-08-22 10:35:19 [main:27]-[ERROR] com.huawei.smn.model.request.topic.CreateTopicRequest.getRequestUri(CreateTopicRequest.java:71) Create topic request projectId is null.
2017-08-22 10:39:42 [main:0]-[INFO] com.huawei.smn.model.request.topic.CreateTopicRequestTest.testGetRequestUri(CreateTopicRequestTest.java:36) starting test
2017-08-22 10:39:42 [main:24]-[ERROR] com.huawei.smn.model.request.topic.CreateTopicRequest.getRequestUri(CreateTopicRequest.java:71) Create topic request projectId is null.
2017-08-22 10:40:06 [main:0]-[INFO] com.huawei.smn.model.request.topic.CreateTopicRequestTest.testGetRequestUri(CreateTopicRequestTest.java:36) starting test
2017-08-22 10:40:06 [main:27]-[ERROR] com.huawei.smn.model.request.topic.CreateTopicRequest.getRequestUri(CreateTopicRequest.java:71) Create topic request projectId is null.
2017-08-22 10:40:20 [main:0]-[INFO] com.huawei.smn.model.request.topic.CreateTopicRequestTest.testGetRequestUri(CreateTopicRequestTest.java:36) starting test
2017-08-22 10:44:25 [main:0]-[INFO] com.huawei.smn.model.request.topic.CreateTopicRequestTest.setUp(CreateTopicRequestTest.java:23) Mock for CreateTopicRequest, hashCode: 214074868
2017-08-22 10:44:25 [main:37]-[INFO] com.huawei.smn.model.request.topic.CreateTopicRequestTest.setUp(CreateTopicRequestTest.java:23) Mock for CreateTopicRequest, hashCode: 125622176
2017-08-22 10:44:25 [main:38]-[INFO] com.huawei.smn.model.request.topic.CreateTopicRequestTest.testGetRequestUri(CreateTopicRequestTest.java:34) starting test
2017-08-22 10:44:25 [main:42]-[ERROR] com.huawei.smn.model.request.topic.CreateTopicRequest.getRequestUri(CreateTopicRequest.java:71) Create topic request projectId is null.
2017-08-22 10:44:58 [main:0]-[INFO] com.huawei.smn.model.request.topic.CreateTopicRequestTest.testGetRequestUri(CreateTopicRequestTest.java:34) starting test
2017-08-22 10:44:58 [main:3]-[INFO] com.huawei.smn.model.request.topic.CreateTopicRequestTest.testGetRequestUri(CreateTopicRequestTest.java:35) Mock for CreateTopicRequest, hashCode: 1181199958
2017-08-22 10:44:58 [main:7]-[ERROR] com.huawei.smn.model.request.topic.CreateTopicRequest.getRequestUri(CreateTopicRequest.java:71) Create topic request projectId is null.
2017-08-22 10:47:45 [main:0]-[INFO] com.huawei.smn.model.request.topic.CreateTopicRequestTest.testGetRequestUri(CreateTopicRequestTest.java:34) starting test
2017-08-22 10:47:45 [main:24]-[ERROR] com.huawei.smn.model.request.topic.CreateTopicRequest.getRequestUri(CreateTopicRequest.java:71) Create topic request projectId is null.
2017-08-22 10:50:17 [main:0]-[INFO] com.huawei.smn.model.request.topic.CreateTopicRequestTest.testGetRequestUri(CreateTopicRequestTest.java:34) starting test
2017-08-22 10:50:17 [main:6]-[ERROR] com.huawei.smn.model.request.topic.CreateTopicRequestTest.testGetRequestUri(CreateTopicRequestTest.java:37) projectId:cffe4fc4c9a54219b60dbaf7b586e132
2017-08-22 10:50:17 [main:29]-[ERROR] com.huawei.smn.model.request.topic.CreateTopicRequest.getRequestUri(CreateTopicRequest.java:71) Create topic request projectId is null.
2017-08-22 10:55:58 [main:0]-[INFO] com.huawei.smn.model.request.topic.CreateTopicRequestTest.testGetRequestUri(CreateTopicRequestTest.java:34) starting test
2017-08-22 10:55:58 [main:24]-[ERROR] com.huawei.smn.model.request.topic.CreateTopicRequestTest.testGetRequestUri(CreateTopicRequestTest.java:37) projectId:cffe4fc4c9a54219b60dbaf7b586e132
2017-08-22 10:55:58 [main:30]-[ERROR] com.huawei.smn.model.request.topic.CreateTopicRequest.getRequestUri(CreateTopicRequest.java:71) Create topic request projectId is null.
2017-08-22 11:02:58 [main:0]-[INFO] com.huawei.smn.model.request.topic.CreateTopicRequestTest.testGetRequestUri(CreateTopicRequestTest.java:28) starting test
2017-08-22 11:02:58 [main:23]-[ERROR] com.huawei.smn.model.request.topic.CreateTopicRequestTest.testGetRequestUri(CreateTopicRequestTest.java:31) projectId:cffe4fc4c9a54219b60dbaf7b586e132
2017-08-22 11:02:58 [main:28]-[INFO] com.huawei.smn.model.request.topic.CreateTopicRequest.getRequestUri(CreateTopicRequest.java:79) Request url is /v2/cffe4fc4c9a54219b60dbaf7b586e132/notifications/topics. 
2017-08-22 11:03:23 [main:0]-[INFO] com.huawei.smn.model.request.topic.CreateTopicRequestTest.testGetRequestUri(CreateTopicRequestTest.java:28) starting test
2017-08-22 11:03:23 [main:31]-[ERROR] com.huawei.smn.model.request.topic.CreateTopicRequest.getRequestUri(CreateTopicRequest.java:71) Create topic request projectId is null.
2017-08-22 11:04:06 [main:0]-[INFO] com.huawei.smn.model.request.topic.CreateTopicRequestTest.testGetRequestUri(CreateTopicRequestTest.java:28) starting test
2017-08-22 11:04:06 [main:23]-[ERROR] com.huawei.smn.model.request.topic.CreateTopicRequestTest.testGetRequestUri(CreateTopicRequestTest.java:31) projectId:null
2017-08-22 11:04:06 [main:29]-[ERROR] com.huawei.smn.model.request.topic.CreateTopicRequest.getRequestUri(CreateTopicRequest.java:71) Create topic request projectId is null.
2017-08-22 11:04:36 [main:0]-[INFO] com.huawei.smn.model.request.topic.CreateTopicRequestTest.testGetRequestUri(CreateTopicRequestTest.java:26) starting test
2017-08-22 11:04:36 [main:31]-[INFO] com.huawei.smn.model.request.topic.CreateTopicRequest.getRequestUri(CreateTopicRequest.java:79) Request url is /v2/cffe4fc4c9a54219b60dbaf7b586e132/notifications/topics. 
2017-08-22 11:06:25 [main:0]-[INFO] com.huawei.smn.model.request.topic.DeleteTopicAttributeByNameRequestTest.testGetRequestUrl(DeleteTopicAttributeByNameRequestTest.java:30) starting test
2017-08-22 11:06:25 [main:30]-[INFO] com.huawei.smn.model.request.topic.DeleteTopicAttributeByNameRequest.getRequestUri(DeleteTopicAttributeByNameRequest.java:90) Request url is /v2/cffe4fc4c9a54219b60dbaf7b586e132/notifications/topics/urn:smn:cn-north-1:cffe4fc4c9a54219b60dbaf7b586e132:createMessageTemplate/attributes/access_policy. 
2017-08-22 11:09:39 [main:0]-[INFO] com.huawei.smn.model.request.topic.DeleteTopicAttributeByNameRequestTest.testGetRequestUri(DeleteTopicAttributeByNameRequestTest.java:28) starting test
2017-08-22 11:09:39 [main:33]-[INFO] com.huawei.smn.model.request.topic.DeleteTopicAttributeByNameRequest.getRequestUri(DeleteTopicAttributeByNameRequest.java:90) Request url is /v2/cffe4fc4c9a54219b60dbaf7b586e132/notifications/topics/urn:smn:cn-north-1:cffe4fc4c9a54219b60dbaf7b586e132:createMessageTemplate/attributes/access_policy. 
2017-08-22 11:10:38 [main:0]-[INFO] com.huawei.smn.model.request.topic.DeleteTopicAttributesRequestTest.testGetRequestUri(DeleteTopicAttributesRequestTest.java:28) starting test
2017-08-22 11:10:38 [main:32]-[INFO] com.huawei.smn.model.request.topic.DeleteTopicAttributesRequest.getRequestUri(DeleteTopicAttributesRequest.java:86) Request url is /v2/cffe4fc4c9a54219b60dbaf7b586e132/notifications/topics/urn:smn:cn-north-1:cffe4fc4c9a54219b60dbaf7b586e132:createMessageTemplate/attributes.
2017-08-22 11:11:49 [main:0]-[INFO] com.huawei.smn.model.request.topic.DeleteTopicAttributesRequestTest.testGetRequestUri(DeleteTopicAttributesRequestTest.java:28) starting test
2017-08-22 11:11:49 [main:30]-[INFO] com.huawei.smn.model.request.topic.DeleteTopicAttributesRequest.getRequestUri(DeleteTopicAttributesRequest.java:86) Request url is /v2/cffe4fc4c9a54219b60dbaf7b586e132/notifications/topics/urn:smn:cn-north-1:cffe4fc4c9a54219b60dbaf7b586e132:createMessageTemplate/attributes.
2017-08-22 11:12:07 [main:0]-[INFO] com.huawei.smn.model.request.topic.DeleteTopicRequestTest.testGetRequestUri(DeleteTopicRequestTest.java:30) starting test
2017-08-22 11:12:07 [main:34]-[INFO] com.huawei.smn.model.request.topic.DeleteTopicRequest.getRequestUri(DeleteTopicRequest.java:81) Request url is /v2/cffe4fc4c9a54219b60dbaf7b586e132/notifications/topics/urn:smn:cn-north-1:cffe4fc4c9a54219b60dbaf7b586e132:publishMsgWithStruct02.
2017-08-22 11:12:22 [main:0]-[INFO] com.huawei.smn.model.request.topic.DeleteTopicRequestTest.testGetRequestUri(DeleteTopicRequestTest.java:30) starting test
2017-08-22 11:12:22 [main:30]-[INFO] com.huawei.smn.model.request.topic.DeleteTopicRequest.getRequestUri(DeleteTopicRequest.java:81) Request url is /v2/cffe4fc4c9a54219b60dbaf7b586e132/notifications/topics/urn:smn:cn-north-1:cffe4fc4c9a54219b60dbaf7b586e132:publishMsgWithStruct02.
2017-08-22 11:12:51 [main:0]-[INFO] com.huawei.smn.model.request.topic.ListTopicAttributesRequestTest.testGetRequestUri(ListTopicAttributesRequestTest.java:30) starting test
2017-08-22 11:12:51 [main:33]-[INFO] com.huawei.smn.model.request.topic.ListTopicAttributesRequest.getRequestUri(ListTopicAttributesRequest.java:85) Request url is /v2/cffe4fc4c9a54219b60dbaf7b586e132/notifications/topics/urn:smn:cn-north-1:cffe4fc4c9a54219b60dbaf7b586e132:createMessageTemplate/attributes?name=access_policy.
2017-08-22 11:13:18 [main:0]-[INFO] com.huawei.smn.model.request.topic.ListTopicsRequestTest.testGetRequestUri(ListTopicsRequestTest.java:30) starting test
2017-08-22 11:13:18 [main:33]-[INFO] com.huawei.smn.model.request.topic.ListTopicsRequest.getRequestUri(ListTopicsRequest.java:91) Request url is /v2/cffe4fc4c9a54219b60dbaf7b586e132/notifications/topics?offset=0&limit=100.
2017-08-22 11:13:38 [main:0]-[INFO] com.huawei.smn.model.request.topic.QueryTopicDetailRequestTest.testGetRequestUri(QueryTopicDetailRequestTest.java:31) starting test
2017-08-22 11:13:38 [main:32]-[INFO] com.huawei.smn.model.request.topic.QueryTopicDetailRequest.getRequestUri(QueryTopicDetailRequest.java:85) Request url is /v2/cffe4fc4c9a54219b60dbaf7b586e132/notifications/topics/urn:smn:cn-north-1:cffe4fc4c9a54219b60dbaf7b586e132:createMessageTemplate.
2017-08-22 11:13:50 [main:0]-[INFO] com.huawei.smn.model.request.topic.UpdateTopicAttributeRequestTest.testGetRequestUri(UpdateTopicAttributeRequestTest.java:38) starting test
2017-08-22 11:13:50 [main:26]-[ERROR] com.huawei.smn.model.request.topic.UpdateTopicAttributeRequest.getRequestUri(UpdateTopicAttributeRequest.java:92) Attributte name is null or is not valid
2017-08-22 11:14:01 [main:0]-[INFO] com.huawei.smn.model.request.topic.UpdateTopicAttributeRequestTest.testGetRequestUri(UpdateTopicAttributeRequestTest.java:38) starting test
2017-08-22 11:14:01 [main:31]-[ERROR] com.huawei.smn.model.request.topic.UpdateTopicAttributeRequest.getRequestUri(UpdateTopicAttributeRequest.java:92) Attributte name is null or is not valid
2017-08-22 11:15:23 [main:0]-[INFO] com.huawei.smn.model.request.topic.UpdateTopicAttributeRequestTest.testGetRequestUri(UpdateTopicAttributeRequestTest.java:38) starting test
2017-08-22 11:15:23 [main:29]-[ERROR] com.huawei.smn.model.request.topic.UpdateTopicAttributeRequest.getRequestUri(UpdateTopicAttributeRequest.java:92) Attributte name is null or is not valid
2017-08-22 11:16:24 [main:0]-[INFO] com.huawei.smn.model.request.topic.UpdateTopicAttributeRequestTest.testGetRequestUri(UpdateTopicAttributeRequestTest.java:39) starting test
2017-08-22 11:16:24 [main:30]-[ERROR] com.huawei.smn.model.request.topic.UpdateTopicAttributeRequest.getRequestUri(UpdateTopicAttributeRequest.java:92) Attributte name is null or is not valid
2017-08-22 11:18:12 [main:0]-[INFO] com.huawei.smn.model.request.topic.UpdateTopicAttributeRequestTest.testGetRequestUri(UpdateTopicAttributeRequestTest.java:39) starting test
2017-08-22 11:18:12 [main:28]-[INFO] com.huawei.smn.model.request.topic.UpdateTopicAttributeRequest.getRequestUri(UpdateTopicAttributeRequest.java:102) Request url is /v2/cffe4fc4c9a54219b60dbaf7b586e132/notifications/topics/urn:smn:cn-north-1:cffe4fc4c9a54219b60dbaf7b586e132:createMessageTemplate/attributes/access_policy.
2017-08-22 11:18:24 [main:0]-[INFO] com.huawei.smn.model.request.topic.UpdateTopicRequestTest.testGetRequestUri(UpdateTopicRequestTest.java:31) starting test
2017-08-22 11:18:24 [main:31]-[INFO] com.huawei.smn.model.request.topic.UpdateTopicRequest.getRequestUri(UpdateTopicRequest.java:88) Request url is /v2/cffe4fc4c9a54219b60dbaf7b586e132/notifications/topics/urn:smn:cn-north-1:cffe4fc4c9a54219b60dbaf7b586e132:createMessageTemplate.
2017-08-22 11:18:45 [main:0]-[INFO] com.huawei.smn.model.request.topic.UpdateTopicRequestTest.testGetRequestUri(UpdateTopicRequestTest.java:31) starting test
2017-08-22 11:18:45 [main:33]-[INFO] com.huawei.smn.model.request.topic.UpdateTopicRequest.getRequestUri(UpdateTopicRequest.java:88) Request url is /v2/cffe4fc4c9a54219b60dbaf7b586e132/notifications/topics/urn:smn:cn-north-1:cffe4fc4c9a54219b60dbaf7b586e132:createMessageTemplate.
2017-08-22 11:20:08 [main:0]-[INFO] com.huawei.smn.model.request.topic.CreateTopicRequestTest.testGetRequestUri(CreateTopicRequestTest.java:25) starting test
2017-08-22 11:20:08 [main:9]-[INFO] com.huawei.smn.model.request.topic.CreateTopicRequest.getRequestUri(CreateTopicRequest.java:79) Request url is /v2/cffe4fc4c9a54219b60dbaf7b586e132/notifications/topics. 
2017-08-22 11:20:12 [main:0]-[INFO] com.huawei.smn.model.request.topic.DeleteTopicAttributeByNameRequestTest.testGetRequestUri(DeleteTopicAttributeByNameRequestTest.java:28) starting test
2017-08-22 11:20:13 [main:30]-[INFO] com.huawei.smn.model.request.topic.DeleteTopicAttributeByNameRequest.getRequestUri(DeleteTopicAttributeByNameRequest.java:90) Request url is /v2/cffe4fc4c9a54219b60dbaf7b586e132/notifications/topics/urn:smn:cn-north-1:cffe4fc4c9a54219b60dbaf7b586e132:createMessageTemplate/attributes/access_policy. 
2017-08-22 11:20:18 [main:0]-[INFO] com.huawei.smn.model.request.topic.DeleteTopicAttributesRequestTest.testGetRequestUri(DeleteTopicAttributesRequestTest.java:28) starting test
2017-08-22 11:20:18 [main:34]-[INFO] com.huawei.smn.model.request.topic.DeleteTopicAttributesRequest.getRequestUri(DeleteTopicAttributesRequest.java:86) Request url is /v2/cffe4fc4c9a54219b60dbaf7b586e132/notifications/topics/urn:smn:cn-north-1:cffe4fc4c9a54219b60dbaf7b586e132:createMessageTemplate/attributes.
2017-08-22 11:20:24 [main:1]-[INFO] com.huawei.smn.model.request.topic.DeleteTopicRequestTest.testGetRequestUri(DeleteTopicRequestTest.java:28) starting test
2017-08-22 11:20:24 [main:32]-[INFO] com.huawei.smn.model.request.topic.DeleteTopicRequest.getRequestUri(DeleteTopicRequest.java:81) Request url is /v2/cffe4fc4c9a54219b60dbaf7b586e132/notifications/topics/urn:smn:cn-north-1:cffe4fc4c9a54219b60dbaf7b586e132:publishMsgWithStruct02.
2017-08-22 11:20:30 [main:1]-[INFO] com.huawei.smn.model.request.topic.ListTopicAttributesRequestTest.testGetRequestUri(ListTopicAttributesRequestTest.java:28) starting test
2017-08-22 11:20:30 [main:12]-[INFO] com.huawei.smn.model.request.topic.ListTopicAttributesRequest.getRequestUri(ListTopicAttributesRequest.java:85) Request url is /v2/cffe4fc4c9a54219b60dbaf7b586e132/notifications/topics/urn:smn:cn-north-1:cffe4fc4c9a54219b60dbaf7b586e132:createMessageTemplate/attributes?name=access_policy.
2017-08-22 11:20:35 [main:0]-[INFO] com.huawei.smn.model.request.topic.ListTopicsRequestTest.testGetRequestUri(ListTopicsRequestTest.java:28) starting test
2017-08-22 11:20:35 [main:36]-[INFO] com.huawei.smn.model.request.topic.ListTopicsRequest.getRequestUri(ListTopicsRequest.java:91) Request url is /v2/cffe4fc4c9a54219b60dbaf7b586e132/notifications/topics?offset=0&limit=100.
2017-08-22 11:20:42 [main:0]-[INFO] com.huawei.smn.model.request.topic.QueryTopicDetailRequestTest.testGetRequestUri(QueryTopicDetailRequestTest.java:29) starting test
2017-08-22 11:20:42 [main:33]-[INFO] com.huawei.smn.model.request.topic.QueryTopicDetailRequest.getRequestUri(QueryTopicDetailRequest.java:85) Request url is /v2/cffe4fc4c9a54219b60dbaf7b586e132/notifications/topics/urn:smn:cn-north-1:cffe4fc4c9a54219b60dbaf7b586e132:createMessageTemplate.
2017-08-22 11:20:47 [main:0]-[INFO] com.huawei.smn.model.request.topic.UpdateTopicAttributeRequestTest.testGetRequestParameterMap(UpdateTopicAttributeRequestTest.java:64) a518f6a6bc8f4c269ece984f28c5915b
2017-08-22 11:20:47 [main:223]-[INFO] com.huawei.smn.model.request.topic.UpdateTopicAttributeRequestTest.testGetRequestUri(UpdateTopicAttributeRequestTest.java:36) starting test
2017-08-22 11:20:47 [main:229]-[INFO] com.huawei.smn.model.request.topic.UpdateTopicAttributeRequest.getRequestUri(UpdateTopicAttributeRequest.java:102) Request url is /v2/cffe4fc4c9a54219b60dbaf7b586e132/notifications/topics/urn:smn:cn-north-1:cffe4fc4c9a54219b60dbaf7b586e132:createMessageTemplate/attributes/access_policy.
2017-08-22 11:20:52 [main:0]-[INFO] com.huawei.smn.model.request.topic.UpdateTopicRequestTest.testGetRequestUri(UpdateTopicRequestTest.java:31) starting test
2017-08-22 11:20:52 [main:11]-[INFO] com.huawei.smn.model.request.topic.UpdateTopicRequest.getRequestUri(UpdateTopicRequest.java:88) Request url is /v2/cffe4fc4c9a54219b60dbaf7b586e132/notifications/topics/urn:smn:cn-north-1:cffe4fc4c9a54219b60dbaf7b586e132:createMessageTemplate.
